<?xml version="1.0" encoding="UTF-8"?>
<!-- Generated by org.testng.reporters.JUnitXMLReporter -->
<testsuite ignored="0" hostname="DESKTOP-QAE7KAM" failures="0" tests="3" name="Default test" time="5.945" errors="0" timestamp="2023-08-04T19:27:07 IST">
  <testcase classname="extentReportExmp.ExtentReportExample" name="openBing" time="2.638"/>
  <testcase classname="extentReportExmp.ExtentReportExample" name="openGoogle" time="2.213"/>
  <testcase classname="extentReportExmp.ExtentReportExample" name="openWikipedia" time="1.005"/>
</testsuite> <!-- Default test -->
